<?xml version="1.0" encoding="UTF-8"?>
<!-- Generated by org.testng.reporters.JUnitReportReporter -->
<testsuite hostname="DESKTOP-BKTF0GS" failures="0" tests="5" name="test.LinksFromMagentoSiteMapTestParallel" time="3766.138" errors="0" timestamp="06 Aug 2020 04:00:42 GMT" skipped="0">
  <testcase classname="test.LinksFromMagentoSiteMapTestParallel" name="test" time="650.395"/>
  <testcase classname="test.LinksFromMagentoSiteMapTestParallel" name="test" time="694.749"/>
  <testcase classname="test.LinksFromMagentoSiteMapTestParallel" name="test" time="755.425"/>
  <testcase classname="test.LinksFromMagentoSiteMapTestParallel" name="test" time="949.063"/>
  <testcase classname="test.LinksFromMagentoSiteMapTestParallel" name="test" time="716.506"/>
</testsuite> <!-- test.LinksFromMagentoSiteMapTestParallel -->
