<?xml version="1.0" encoding="UTF-8"?>
<!-- Generated by org.testng.reporters.JUnitReportReporter -->
<testsuite hostname="DESKTOP-BKTF0GS" failures="0" tests="50" name="test.LinksFromMagentoSiteMapTestParallel" time="75934.055" errors="0" timestamp="27 Jul 2020 09:24:22 GMT" skipped="0">
  <testcase classname="test.LinksFromMagentoSiteMapTestParallel" name="test" time="1464.657"/>
  <testcase classname="test.LinksFromMagentoSiteMapTestParallel" name="test" time="1558.685"/>
  <testcase classname="test.LinksFromMagentoSiteMapTestParallel" name="test" time="1560.075"/>
  <testcase classname="test.LinksFromMagentoSiteMapTestParallel" name="test" time="1560.607"/>
  <testcase classname="test.LinksFromMagentoSiteMapTestParallel" name="test" time="1466.238"/>
  <testcase classname="test.LinksFromMagentoSiteMapTestParallel" name="test" time="1564.749"/>
  <testcase classname="test.LinksFromMagentoSiteMapTestParallel" name="test" time="1458.130"/>
  <testcase classname="test.LinksFromMagentoSiteMapTestParallel" name="test" time="1538.242"/>
  <testcase classname="test.LinksFromMagentoSiteMapTestParallel" name="test" time="1435.244"/>
  <testcase classname="test.LinksFromMagentoSiteMapTestParallel" name="test" time="1545.881"/>
  <testcase classname="test.LinksFromMagentoSiteMapTestParallel" name="test" time="1481.858"/>
  <testcase classname="test.LinksFromMagentoSiteMapTestParallel" name="test" time="1560.075"/>
  <testcase classname="test.LinksFromMagentoSiteMapTestParallel" name="test" time="1446.031"/>
  <testcase classname="test.LinksFromMagentoSiteMapTestParallel" name="test" time="1561.839"/>
  <testcase classname="test.LinksFromMagentoSiteMapTestParallel" name="test" time="1563.135"/>
  <testcase classname="test.LinksFromMagentoSiteMapTestParallel" name="test" time="1546.245"/>
  <testcase classname="test.LinksFromMagentoSiteMapTestParallel" name="test" time="1551.330"/>
  <testcase classname="test.LinksFromMagentoSiteMapTestParallel" name="test" time="1555.907"/>
  <testcase classname="test.LinksFromMagentoSiteMapTestParallel" name="test" time="1555.611"/>
  <testcase classname="test.LinksFromMagentoSiteMapTestParallel" name="test" time="1456.419"/>
  <testcase classname="test.LinksFromMagentoSiteMapTestParallel" name="test" time="1450.828"/>
  <testcase classname="test.LinksFromMagentoSiteMapTestParallel" name="test" time="1555.920"/>
  <testcase classname="test.LinksFromMagentoSiteMapTestParallel" name="test" time="1553.845"/>
  <testcase classname="test.LinksFromMagentoSiteMapTestParallel" name="test" time="1554.147"/>
  <testcase classname="test.LinksFromMagentoSiteMapTestParallel" name="test" time="1483.427"/>
  <testcase classname="test.LinksFromMagentoSiteMapTestParallel" name="test" time="1448.858"/>
  <testcase classname="test.LinksFromMagentoSiteMapTestParallel" name="test" time="1540.416"/>
  <testcase classname="test.LinksFromMagentoSiteMapTestParallel" name="test" time="1561.359"/>
  <testcase classname="test.LinksFromMagentoSiteMapTestParallel" name="test" time="1484.626"/>
  <testcase classname="test.LinksFromMagentoSiteMapTestParallel" name="test" time="1557.851"/>
  <testcase classname="test.LinksFromMagentoSiteMapTestParallel" name="test" time="1449.376"/>
  <testcase classname="test.LinksFromMagentoSiteMapTestParallel" name="test" time="1457.772"/>
  <testcase classname="test.LinksFromMagentoSiteMapTestParallel" name="test" time="1561.109"/>
  <testcase classname="test.LinksFromMagentoSiteMapTestParallel" name="test" time="1552.927"/>
  <testcase classname="test.LinksFromMagentoSiteMapTestParallel" name="test" time="1561.605"/>
  <testcase classname="test.LinksFromMagentoSiteMapTestParallel" name="test" time="1545.879"/>
  <testcase classname="test.LinksFromMagentoSiteMapTestParallel" name="test" time="1469.690"/>
  <testcase classname="test.LinksFromMagentoSiteMapTestParallel" name="test" time="1551.650"/>
  <testcase classname="test.LinksFromMagentoSiteMapTestParallel" name="test" time="1561.122"/>
  <testcase classname="test.LinksFromMagentoSiteMapTestParallel" name="test" time="1448.858"/>
  <testcase classname="test.LinksFromMagentoSiteMapTestParallel" name="test" time="1543.523"/>
  <testcase classname="test.LinksFromMagentoSiteMapTestParallel" name="test" time="1553.231"/>
  <testcase classname="test.LinksFromMagentoSiteMapTestParallel" name="test" time="1561.838"/>
  <testcase classname="test.LinksFromMagentoSiteMapTestParallel" name="test" time="1461.679"/>
  <testcase classname="test.LinksFromMagentoSiteMapTestParallel" name="test" time="1457.260"/>
  <testcase classname="test.LinksFromMagentoSiteMapTestParallel" name="test" time="1417.660"/>
  <testcase classname="test.LinksFromMagentoSiteMapTestParallel" name="test" time="1546.575"/>
  <testcase classname="test.LinksFromMagentoSiteMapTestParallel" name="test" time="1497.452"/>
  <testcase classname="test.LinksFromMagentoSiteMapTestParallel" name="test" time="1561.599"/>
  <testcase classname="test.LinksFromMagentoSiteMapTestParallel" name="test" time="1551.014"/>
</testsuite> <!-- test.LinksFromMagentoSiteMapTestParallel -->
