<?xml version="1.0" encoding="UTF-8"?>
<!-- Generated by org.testng.reporters.JUnitReportReporter -->
<testsuite hostname="DESKTOP-BKTF0GS" failures="0" tests="3" name="test.LinksFromMagentoSiteMapTestParallel" time="270.736" errors="0" timestamp="25 Jul 2020 15:23:02 GMT" skipped="0">
  <testcase classname="test.LinksFromMagentoSiteMapTestParallel" name="test" time="94.961"/>
  <testcase classname="test.LinksFromMagentoSiteMapTestParallel" name="test" time="100.481"/>
  <testcase classname="test.LinksFromMagentoSiteMapTestParallel" name="test" time="75.294"/>
</testsuite> <!-- test.LinksFromMagentoSiteMapTestParallel -->
