<?xml version="1.0" encoding="UTF-8"?>
<!-- Generated by org.testng.reporters.JUnitReportReporter -->
<testsuite hostname="DESKTOP-BKTF0GS" failures="0" tests="3" name="test.LinksFromMagentoSiteMapTestParallel" time="264.519" errors="0" timestamp="25 Jul 2020 15:35:25 GMT" skipped="0">
  <testcase classname="test.LinksFromMagentoSiteMapTestParallel" name="test" time="75.363"/>
  <testcase classname="test.LinksFromMagentoSiteMapTestParallel" name="test" time="91.190"/>
  <testcase classname="test.LinksFromMagentoSiteMapTestParallel" name="test" time="97.966"/>
</testsuite> <!-- test.LinksFromMagentoSiteMapTestParallel -->
